#
# A fatal error has been detected by the Java Runtime Environment:
#
#  SIGSEGV (0xb) at pc=0x0000000108e812be, pid=37566, tid=775
#
# JRE version: Java(TM) SE Runtime Environment (12.0.2+10) (build 12.0.2+10)
# Java VM: Java HotSpot(TM) 64-Bit Server VM (12.0.2+10, mixed mode, sharing, tiered, compressed oops, g1 gc, bsd-amd64)
# Problematic frame:
# C  [libController.dylib+0x172be]  wb_robot_init+0x49e
#
# No core dump will be written. Core dumps have been disabled. To enable core dumping, try "ulimit -c unlimited" before starting Java again
#
# If you would like to submit a bug report, please visit:
#   http://bugreport.java.com/bugreport/crash.jsp
# The crash happened outside the Java Virtual Machine in native code.
# See problematic frame for where to report the bug.
#

---------------  S U M M A R Y ------------

Command Line: -Djava.library.path=/Applications/Webots.app/lib/controller/java DpmProject

Host: MacBookPro14,1 x86_64 2300 MHz, 4 cores, 8G, Darwin 19.6.0
Time: Wed Oct 21 17:19:50 2020 EDT elapsed time: 0 seconds (0d 0h 0m 0s)

---------------  T H R E A D  ---------------

Current thread (0x00007fdcf100c000):  JavaThread "main" [_thread_in_native, id=775, stack(0x00007ffee70e8000,0x00007ffee78e8000)]

Stack: [0x00007ffee70e8000,0x00007ffee78e8000],  sp=0x00007ffee78e2e00,  free space=8171k
Native frames: (J=compiled Java code, A=aot compiled Java code, j=interpreted, Vv=VM code, C=native code)
C  [libController.dylib+0x172be]  wb_robot_init+0x49e
C  [libCppController.dylib+0xcfa6]  webots::Robot::Robot()+0x86
C  [libCppController.dylib+0xd1d5]  webots::Robot::Robot()+0x15
C  [libJavaController.jnilib+0x13b80]  Java_com_cyberbotics_webots_controller_wrapperJNI_new_1Robot+0x40
j  com.cyberbotics.webots.controller.wrapperJNI.new_Robot()J+0
j  com.cyberbotics.webots.controller.Robot.<init>()V+1
j  simlejos.hardware.ev3.LocalEV3.<init>()V+8
j  simlejos.hardware.ev3.LocalEV3.<clinit>()V+4
v  ~StubRoutines::call_stub
V  [libjvm.dylib+0x392641]  JavaCalls::call_helper(JavaValue*, methodHandle const&, JavaCallArguments*, Thread*)+0x285
V  [libjvm.dylib+0x37b879]  InstanceKlass::call_class_initializer(Thread*)+0x19f
V  [libjvm.dylib+0x37b1fa]  InstanceKlass::initialize_impl(Thread*)+0x4ac
V  [libjvm.dylib+0x4e33ed]  LinkResolver::resolve_static_call(CallInfo&, LinkInfo const&, bool, Thread*)+0x6b
V  [libjvm.dylib+0x4e4e61]  LinkResolver::resolve_invokestatic(CallInfo&, constantPoolHandle const&, int, Thread*)+0x35
V  [libjvm.dylib+0x38d741]  InterpreterRuntime::resolve_invoke(JavaThread*, Bytecodes::Code)+0x22b
V  [libjvm.dylib+0x38dd5d]  InterpreterRuntime::resolve_from_cache(JavaThread*, Bytecodes::Code)+0x37
j  simlejos.hardware.port.MotorPort.<clinit>()V+0
v  ~StubRoutines::call_stub
V  [libjvm.dylib+0x392641]  JavaCalls::call_helper(JavaValue*, methodHandle const&, JavaCallArguments*, Thread*)+0x285
V  [libjvm.dylib+0x37b879]  InstanceKlass::call_class_initializer(Thread*)+0x19f
V  [libjvm.dylib+0x37b1fa]  InstanceKlass::initialize_impl(Thread*)+0x4ac
V  [libjvm.dylib+0x4e31ba]  LinkResolver::resolve_field(fieldDescriptor&, LinkInfo const&, Bytecodes::Code, bool, Thread*)+0x5ae
V  [libjvm.dylib+0x4e2bf8]  LinkResolver::resolve_field_access(fieldDescriptor&, constantPoolHandle const&, int, methodHandle const&, Bytecodes::Code, Thread*)+0x40
V  [libjvm.dylib+0x38cd66]  InterpreterRuntime::resolve_get_put(JavaThread*, Bytecodes::Code)+0x15e
V  [libjvm.dylib+0x38dd72]  InterpreterRuntime::resolve_from_cache(JavaThread*, Bytecodes::Code)+0x4c
j  simlejos.hardware.motor.Motor.<clinit>()V+4
v  ~StubRoutines::call_stub
V  [libjvm.dylib+0x392641]  JavaCalls::call_helper(JavaValue*, methodHandle const&, JavaCallArguments*, Thread*)+0x285
V  [libjvm.dylib+0x37b879]  InstanceKlass::call_class_initializer(Thread*)+0x19f
V  [libjvm.dylib+0x37b1fa]  InstanceKlass::initialize_impl(Thread*)+0x4ac
V  [libjvm.dylib+0x4e31ba]  LinkResolver::resolve_field(fieldDescriptor&, LinkInfo const&, Bytecodes::Code, bool, Thread*)+0x5ae
V  [libjvm.dylib+0x4e2bf8]  LinkResolver::resolve_field_access(fieldDescriptor&, constantPoolHandle const&, int, methodHandle const&, Bytecodes::Code, Thread*)+0x40
V  [libjvm.dylib+0x38cd66]  InterpreterRuntime::resolve_get_put(JavaThread*, Bytecodes::Code)+0x15e
V  [libjvm.dylib+0x38dd72]  InterpreterRuntime::resolve_from_cache(JavaThread*, Bytecodes::Code)+0x4c
j  ca.mcgill.ecse211.project.Resources.<clinit>()V+18
v  ~StubRoutines::call_stub
V  [libjvm.dylib+0x392641]  JavaCalls::call_helper(JavaValue*, methodHandle const&, JavaCallArguments*, Thread*)+0x285
V  [libjvm.dylib+0x37b879]  InstanceKlass::call_class_initializer(Thread*)+0x19f
V  [libjvm.dylib+0x37b1fa]  InstanceKlass::initialize_impl(Thread*)+0x4ac
V  [libjvm.dylib+0x4e31ba]  LinkResolver::resolve_field(fieldDescriptor&, LinkInfo const&, Bytecodes::Code, bool, Thread*)+0x5ae
V  [libjvm.dylib+0x4e2bf8]  LinkResolver::resolve_field_access(fieldDescriptor&, constantPoolHandle const&, int, methodHandle const&, Bytecodes::Code, Thread*)+0x40
V  [libjvm.dylib+0x38cd66]  InterpreterRuntime::resolve_get_put(JavaThread*, Bytecodes::Code)+0x15e
V  [libjvm.dylib+0x38dd72]  InterpreterRuntime::resolve_from_cache(JavaThread*, Bytecodes::Code)+0x4c
j  ca.mcgill.ecse211.project.Main.initialize()V+0
j  ca.mcgill.ecse211.project.Main.main([Ljava/lang/String;)V+0
j  DpmProject.main([Ljava/lang/String;)V+1
v  ~StubRoutines::call_stub
V  [libjvm.dylib+0x392641]  JavaCalls::call_helper(JavaValue*, methodHandle const&, JavaCallArguments*, Thread*)+0x285
V  [libjvm.dylib+0x3d1f0d]  jni_invoke_static(JNIEnv_*, JavaValue*, _jobject*, JNICallType, _jmethodID*, JNI_ArgumentPusher*, Thread*)+0x11c
V  [libjvm.dylib+0x3d5638]  jni_CallStaticVoidMethod+0x1c9
C  [libjli.dylib+0x4898]  JavaMain+0xab4
C  [libjli.dylib+0x6df0]  __JVMInit_block_invoke+0x4b
C  [Foundation+0x41ac5]  __NSBLOCKOPERATION_IS_CALLING_OUT_TO_A_BLOCK__+0x7
C  [Foundation+0x419e6]  -[NSBlockOperation main]+0x50
C  [Foundation+0x41981]  __NSOPERATION_IS_INVOKING_MAIN__+0x11
C  [Foundation+0x40bb3]  -[NSOperation start]+0x2d2
C  [Foundation+0x9b0dd]  __NSThreadPerformPerform+0xcc
C  [CoreFoundation+0x83d52]  __CFRUNLOOP_IS_CALLING_OUT_TO_A_SOURCE0_PERFORM_FUNCTION__+0x11
C  [CoreFoundation+0x83cf1]  __CFRunLoopDoSource0+0x67
C  [CoreFoundation+0x83b0b]  __CFRunLoopDoSources0+0xd1
C  [CoreFoundation+0x8283a]  __CFRunLoopRun+0x39f
C  [CoreFoundation+0x81e3e]  CFRunLoopRunSpecific+0x1ce
C  [libjli.dylib+0x6444]  CreateExecutionEnvironment+0x190
C  [libjli.dylib+0x25b7]  JLI_Launch+0x51f
C  [java+0xca9]  main+0x16f
C  [libdyld.dylib+0x1acc9]  start+0x1

Java frames: (J=compiled Java code, j=interpreted, Vv=VM code)
j  com.cyberbotics.webots.controller.wrapperJNI.new_Robot()J+0
j  com.cyberbotics.webots.controller.Robot.<init>()V+1
j  simlejos.hardware.ev3.LocalEV3.<init>()V+8
j  simlejos.hardware.ev3.LocalEV3.<clinit>()V+4
v  ~StubRoutines::call_stub
j  simlejos.hardware.port.MotorPort.<clinit>()V+0
v  ~StubRoutines::call_stub
j  simlejos.hardware.motor.Motor.<clinit>()V+4
v  ~StubRoutines::call_stub
j  ca.mcgill.ecse211.project.Resources.<clinit>()V+18
v  ~StubRoutines::call_stub
j  ca.mcgill.ecse211.project.Main.initialize()V+0
j  ca.mcgill.ecse211.project.Main.main([Ljava/lang/String;)V+0
j  DpmProject.main([Ljava/lang/String;)V+1
v  ~StubRoutines::call_stub

siginfo: si_signo: 11 (SIGSEGV), si_code: 1 (SEGV_MAPERR), si_addr: 0x0000000000000000

Register to memory mapping:

RAX=0x0 is NULL
RBX=0x00007fdcf0c49650 points into unknown readable memory: 5a 54 55 4d 00 00 00 00
RCX=0x00007fdcf0c49670 points into unknown readable memory: 00 00 00 00 00 00 00 00
RDX=0x0 is NULL
RSP=0x00007ffee78e2e00 is pointing into the stack for thread: 0x00007fdcf100c000
RBP=0x00007ffee78e3230 is pointing into the stack for thread: 0x00007fdcf100c000
RSI=0x00007fdcf0c49690 points into unknown readable memory: 1a 00 00 00 00 10 00 00
RDI=0x0 is NULL
R8 =0x0 is NULL
R9 =0x0008820021000802 is an unknown value
R10=0x0000000000000002 is an unknown value
R11=0x00007fdcf0c49690 points into unknown readable memory: 1a 00 00 00 00 10 00 00
R12=0x0 is NULL
R13={method} {0x00000001281c1260} 'new_Robot' '()J' in 'com/cyberbotics/webots/controller/wrapperJNI'
R14=0x00007fff95f42618: __stdoutp+0 in /usr/lib/system/libsystem_c.dylib at 0x00007fff6f847000
R15=0x00007fdcf100c000 is a thread


Registers:
RAX=0x0000000000000000, RBX=0x00007fdcf0c49650, RCX=0x00007fdcf0c49670, RDX=0x0000000000000000
RSP=0x00007ffee78e2e00, RBP=0x00007ffee78e3230, RSI=0x00007fdcf0c49690, RDI=0x0000000000000000
R8 =0x0000000000000000, R9 =0x0008820021000802, R10=0x0000000000000002, R11=0x00007fdcf0c49690
R12=0x0000000000000000, R13=0x00000001281c1260, R14=0x00007fff95f42618, R15=0x00007fdcf100c000
RIP=0x0000000108e812be, EFLAGS=0x0000000000010246, ERR=0x0000000000000004
  TRAPNO=0x000000000000000e

Top of Stack: (sp=0x00007ffee78e2e00)
0x00007ffee78e2e00:   644aecaa7167ac58 0000000000000000
0x00007ffee78e2e10:   40380d039a39787f 0000000000000000
0x00007ffee78e2e20:   971beed5f351027f 0000000000000000
0x00007ffee78e2e30:   9bdf2765dbe72a66 0000000000000000
0x00007ffee78e2e40:   33781525a463fbf0 0000000000000000
0x00007ffee78e2e50:   cafebabecafebabe 0000000000000000
0x00007ffee78e2e60:   0000000000000000 0000000000000000
0x00007ffee78e2e70:   0000000000000000 0000000000000000
0x00007ffee78e2e80:   0000000000000000 0000000000000000
0x00007ffee78e2e90:   0000000000000000 0000000000000000
0x00007ffee78e2ea0:   0000000000000000 0000000000000000
0x00007ffee78e2eb0:   0000000000000000 0000000000000000
0x00007ffee78e2ec0:   0000000000000003 0000000000000000
0x00007ffee78e2ed0:   0000000000000000 0000000000000000
0x00007ffee78e2ee0:   0000000000000000 0000000000000000
0x00007ffee78e2ef0:   0000000000000000 0000000000000000
0x00007ffee78e2f00:   0000000000000000 0000000000000000
0x00007ffee78e2f10:   0000000000000000 0000000000000000
0x00007ffee78e2f20:   0000000000000000 0000000000000000
0x00007ffee78e2f30:   0000000000000000 0000000000000000
0x00007ffee78e2f40:   0000000000000000 0000000000000000
0x00007ffee78e2f50:   0000000000000000 0000000000000000
0x00007ffee78e2f60:   0000000000000000 0000000000000000
0x00007ffee78e2f70:   0000000000000000 0000000000000000
0x00007ffee78e2f80:   0000000000000000 0000000000000000
0x00007ffee78e2f90:   0000000000000000 0000000000000000
0x00007ffee78e2fa0:   0000000000000000 0000000000000000
0x00007ffee78e2fb0:   0000000000000000 0000000000000000
0x00007ffee78e2fc0:   0000000000000000 0000000000000000
0x00007ffee78e2fd0:   0000000000000000 0000000000000000
0x00007ffee78e2fe0:   0000000000000000 0000000000000000
0x00007ffee78e2ff0:   0000000000000000 0000000000000000 

Instructions: (pc=0x0000000108e812be)
0x0000000108e811be:   c7 05 c0 38 04 00 00 00 00 00 c7 05 ae 38 04 00
0x0000000108e811ce:   00 00 00 00 48 c7 05 bb 38 04 00 00 00 00 00 c7
0x0000000108e811de:   05 a9 38 04 00 00 00 00 00 c7 05 af 38 04 00 ff
0x0000000108e811ee:   ff ff ff 31 ff e8 c8 ef ff ff 83 f8 ff 0f 84 60
0x0000000108e811fe:   01 00 00 31 c0 e8 68 c9 ff ff 84 c0 0f 84 a7 00
0x0000000108e8120e:   00 00 80 3d 41 38 04 00 00 74 59 8a 05 3b 38 04
0x0000000108e8121e:   00 84 c0 75 4f 31 c0 e8 96 0b 00 00 84 c0 75 36
0x0000000108e8122e:   48 8b 3d d3 37 04 00 e8 d6 06 00 00 31 c0 e8 7f
0x0000000108e8123e:   0b 00 00 84 c0 75 1f 48 8b 05 c4 2d 04 00 48 8b
0x0000000108e8124e:   38 48 8b 15 b2 37 04 00 48 8d 35 11 f7 03 00 31
0x0000000108e8125e:   c0 e8 c8 81 03 00 31 c0 e8 55 0a 00 00 c6 05 e6
0x0000000108e8126e:   37 04 00 00 48 8d 3d 27 06 00 00 e8 5a 81 03 00
0x0000000108e8127e:   c6 05 0b 37 04 00 01 31 c0 e8 54 38 ff ff 48 8b
0x0000000108e8128e:   05 75 2d 04 00 48 8b 00 48 3b 45 d0 0f 85 8a 00
0x0000000108e8129e:   00 00 b8 01 00 00 00 48 81 c4 08 04 00 00 5b 41
0x0000000108e812ae:   5c 41 5d 41 5e 41 5f 5d c3 48 8b 3d 52 37 04 00
0x0000000108e812be:   80 3f 00 0f 84 49 ff ff ff e8 b4 c6 ff ff 31 c0
0x0000000108e812ce:   e8 9d c8 ff ff 84 c0 0f 85 35 ff ff ff 48 8b 05
0x0000000108e812de:   2e 2d 04 00 48 8b 38 48 8b 15 24 37 04 00 48 8d
0x0000000108e812ee:   35 46 f6 03 00 31 c0 e8 32 81 03 00 80 3d 57 37
0x0000000108e812fe:   04 00 00 0f 85 12 ff ff ff e9 66 ff ff ff 48 8d
0x0000000108e8130e:   bd d0 fb ff ff e8 0a 82 03 00 48 89 c3 41 83 fd
0x0000000108e8131e:   09 0f 84 98 fd ff ff e9 b3 fd ff ff e8 91 80 03
0x0000000108e8132e:   00 48 8b 05 da 2c 04 00 48 8b 08 48 8d 3d 91 f5
0x0000000108e8133e:   03 00 be 2a 00 00 00 ba 01 00 00 00 e8 0d 81 03
0x0000000108e8134e:   00 48 89 df e8 e7 80 03 00 bf 01 00 00 00 e8 a7
0x0000000108e8135e:   80 03 00 e8 3a 02 00 00 31 ff e8 9b 80 03 00 0f
0x0000000108e8136e:   1f 00 55 48 89 e5 0f b6 05 4d 36 04 00 01 c0 5d
0x0000000108e8137e:   c3 90 55 48 89 e5 f2 0f 10 05 4c 36 04 00 5d c3
0x0000000108e8138e:   66 90 55 48 89 e5 f2 0f 10 05 dc 35 04 00 5d c3
0x0000000108e8139e:   66 90 55 48 89 e5 0f be 05 15 36 04 00 5d c3 0f
0x0000000108e813ae:   1f 00 55 48 89 e5 0f be 05 fd 35 04 00 5d c3 0f 


Stack slot to memory mapping:
stack at sp + 0 slots: 0x644aecaa7167ac58 is an unknown value
stack at sp + 1 slots: 0x0 is NULL
stack at sp + 2 slots: 0x40380d039a39787f is an unknown value
stack at sp + 3 slots: 0x0 is NULL
stack at sp + 4 slots: 0x971beed5f351027f is an unknown value
stack at sp + 5 slots: 0x0 is NULL
stack at sp + 6 slots: 0x9bdf2765dbe72a66 is an unknown value
stack at sp + 7 slots: 0x0 is NULL


---------------  P R O C E S S  ---------------

Threads class SMR info:
_java_thread_list=0x00007fdcf0d417d0, length=9, elements={
0x00007fdcf100c000, 0x00007fdcf1055000, 0x00007fdcf1816800, 0x00007fdcf1056800,
0x00007fdcf3069000, 0x00007fdcf1057000, 0x00007fdcf1069800, 0x00007fdcf181c000,
0x00007fdcf1860000
}

Java Threads: ( => current thread )
=>0x00007fdcf100c000 JavaThread "main" [_thread_in_native, id=775, stack(0x00007ffee70e8000,0x00007ffee78e8000)]
  0x00007fdcf1055000 JavaThread "Reference Handler" daemon [_thread_blocked, id=12803, stack(0x0000700005008000,0x0000700005108000)]
  0x00007fdcf1816800 JavaThread "Finalizer" daemon [_thread_blocked, id=17667, stack(0x000070000510b000,0x000070000520b000)]
  0x00007fdcf1056800 JavaThread "Signal Dispatcher" daemon [_thread_blocked, id=16131, stack(0x0000700005314000,0x0000700005414000)]
  0x00007fdcf3069000 JavaThread "C2 CompilerThread0" daemon [_thread_blocked, id=15619, stack(0x0000700005417000,0x0000700005517000)]
  0x00007fdcf1057000 JavaThread "C1 CompilerThread0" daemon [_thread_blocked, id=22019, stack(0x000070000551a000,0x000070000561a000)]
  0x00007fdcf1069800 JavaThread "Sweeper thread" daemon [_thread_blocked, id=22531, stack(0x000070000561d000,0x000070000571d000)]
  0x00007fdcf181c000 JavaThread "Service Thread" daemon [_thread_blocked, id=42755, stack(0x0000700005720000,0x0000700005820000)]
  0x00007fdcf1860000 JavaThread "Common-Cleaner" daemon [_thread_blocked, id=23043, stack(0x0000700005926000,0x0000700005a26000)]

Other Threads:
  0x00007fdcf1054000 VMThread "VM Thread" [stack: 0x0000700004f05000,0x0000700005005000] [id=18691]
  0x00007fdcf1067800 WatcherThread [stack: 0x0000700005823000,0x0000700005923000] [id=42243]
  0x00007fdcf1030000 GCTaskThread "GC Thread#0" [stack: 0x00007000049f6000,0x0000700004af6000] [id=11267]
  0x00007fdcf3014800 ConcurrentGCThread "G1 Main Marker" [stack: 0x0000700004af9000,0x0000700004bf9000] [id=21251]
  0x00007fdcf1030800 ConcurrentGCThread "G1 Conc#0" [stack: 0x0000700004bfc000,0x0000700004cfc000] [id=20739]
  0x00007fdcf3065800 ConcurrentGCThread "G1 Refine#0" [stack: 0x0000700004cff000,0x0000700004dff000] [id=20227]
  0x00007fdcf1031800 ConcurrentGCThread "G1 Young RemSet Sampling" [stack: 0x0000700004e02000,0x0000700004f02000] [id=12291]

Threads with active compile tasks:

VM state:not at safepoint (normal execution)

VM Mutex/Monitor currently owned by a thread: None

Heap address: 0x0000000780000000, size: 2048 MB, Compressed Oops mode: Zero based, Oop shift amount: 3
Narrow klass base: 0x0000000800000000, Narrow klass shift: 3
Compressed class space size: 1073741824 Address: 0x0000000801101000

Heap:
 garbage-first heap   total 133120K, used 736K [0x0000000780000000, 0x0000000800000000)
  region size 1024K, 1 young (1024K), 0 survivors (0K)
 Metaspace       used 446K, capacity 4728K, committed 4864K, reserved 1056768K
  class space    used 27K, capacity 424K, committed 512K, reserved 1048576K
Heap Regions: E=young(eden), S=young(survivor), O=old, HS=humongous(starts), HC=humongous(continues), CS=collection set, F=free, A=archive, TAMS=top-at-mark-start (previous, next)
|   0|0x0000000780000000, 0x0000000780000000, 0x0000000780100000|  0%| F|  |TAMS 0x0000000780000000, 0x0000000780000000| Untracked 
|   1|0x0000000780100000, 0x0000000780100000, 0x0000000780200000|  0%| F|  |TAMS 0x0000000780100000, 0x0000000780100000| Untracked 
|   2|0x0000000780200000, 0x0000000780200000, 0x0000000780300000|  0%| F|  |TAMS 0x0000000780200000, 0x0000000780200000| Untracked 
|   3|0x0000000780300000, 0x0000000780300000, 0x0000000780400000|  0%| F|  |TAMS 0x0000000780300000, 0x0000000780300000| Untracked 
|   4|0x0000000780400000, 0x0000000780400000, 0x0000000780500000|  0%| F|  |TAMS 0x0000000780400000, 0x0000000780400000| Untracked 
|   5|0x0000000780500000, 0x0000000780500000, 0x0000000780600000|  0%| F|  |TAMS 0x0000000780500000, 0x0000000780500000| Untracked 
|   6|0x0000000780600000, 0x0000000780600000, 0x0000000780700000|  0%| F|  |TAMS 0x0000000780600000, 0x0000000780600000| Untracked 
|   7|0x0000000780700000, 0x0000000780700000, 0x0000000780800000|  0%| F|  |TAMS 0x0000000780700000, 0x0000000780700000| Untracked 
|   8|0x0000000780800000, 0x0000000780800000, 0x0000000780900000|  0%| F|  |TAMS 0x0000000780800000, 0x0000000780800000| Untracked 
|   9|0x0000000780900000, 0x0000000780900000, 0x0000000780a00000|  0%| F|  |TAMS 0x0000000780900000, 0x0000000780900000| Untracked 
|  10|0x0000000780a00000, 0x0000000780a00000, 0x0000000780b00000|  0%| F|  |TAMS 0x0000000780a00000, 0x0000000780a00000| Untracked 
|  11|0x0000000780b00000, 0x0000000780b00000, 0x0000000780c00000|  0%| F|  |TAMS 0x0000000780b00000, 0x0000000780b00000| Untracked 
|  12|0x0000000780c00000, 0x0000000780c00000, 0x0000000780d00000|  0%| F|  |TAMS 0x0000000780c00000, 0x0000000780c00000| Untracked 
|  13|0x0000000780d00000, 0x0000000780d00000, 0x0000000780e00000|  0%| F|  |TAMS 0x0000000780d00000, 0x0000000780d00000| Untracked 
|  14|0x0000000780e00000, 0x0000000780e00000, 0x0000000780f00000|  0%| F|  |TAMS 0x0000000780e00000, 0x0000000780e00000| Untracked 
|  15|0x0000000780f00000, 0x0000000780f00000, 0x0000000781000000|  0%| F|  |TAMS 0x0000000780f00000, 0x0000000780f00000| Untracked 
|  16|0x0000000781000000, 0x0000000781000000, 0x0000000781100000|  0%| F|  |TAMS 0x0000000781000000, 0x0000000781000000| Untracked 
|  17|0x0000000781100000, 0x0000000781100000, 0x0000000781200000|  0%| F|  |TAMS 0x0000000781100000, 0x0000000781100000| Untracked 
|  18|0x0000000781200000, 0x0000000781200000, 0x0000000781300000|  0%| F|  |TAMS 0x0000000781200000, 0x0000000781200000| Untracked 
|  19|0x0000000781300000, 0x0000000781300000, 0x0000000781400000|  0%| F|  |TAMS 0x0000000781300000, 0x0000000781300000| Untracked 
|  20|0x0000000781400000, 0x0000000781400000, 0x0000000781500000|  0%| F|  |TAMS 0x0000000781400000, 0x0000000781400000| Untracked 
|  21|0x0000000781500000, 0x0000000781500000, 0x0000000781600000|  0%| F|  |TAMS 0x0000000781500000, 0x0000000781500000| Untracked 
|  22|0x0000000781600000, 0x0000000781600000, 0x0000000781700000|  0%| F|  |TAMS 0x0000000781600000, 0x0000000781600000| Untracked 
|  23|0x0000000781700000, 0x0000000781700000, 0x0000000781800000|  0%| F|  |TAMS 0x0000000781700000, 0x0000000781700000| Untracked 
|  24|0x0000000781800000, 0x0000000781800000, 0x0000000781900000|  0%| F|  |TAMS 0x0000000781800000, 0x0000000781800000| Untracked 
|  25|0x0000000781900000, 0x0000000781900000, 0x0000000781a00000|  0%| F|  |TAMS 0x0000000781900000, 0x0000000781900000| Untracked 
|  26|0x0000000781a00000, 0x0000000781a00000, 0x0000000781b00000|  0%| F|  |TAMS 0x0000000781a00000, 0x0000000781a00000| Untracked 
|  27|0x0000000781b00000, 0x0000000781b00000, 0x0000000781c00000|  0%| F|  |TAMS 0x0000000781b00000, 0x0000000781b00000| Untracked 
|  28|0x0000000781c00000, 0x0000000781c00000, 0x0000000781d00000|  0%| F|  |TAMS 0x0000000781c00000, 0x0000000781c00000| Untracked 
|  29|0x0000000781d00000, 0x0000000781d00000, 0x0000000781e00000|  0%| F|  |TAMS 0x0000000781d00000, 0x0000000781d00000| Untracked 
|  30|0x0000000781e00000, 0x0000000781e00000, 0x0000000781f00000|  0%| F|  |TAMS 0x0000000781e00000, 0x0000000781e00000| Untracked 
|  31|0x0000000781f00000, 0x0000000781f00000, 0x0000000782000000|  0%| F|  |TAMS 0x0000000781f00000, 0x0000000781f00000| Untracked 
|  32|0x0000000782000000, 0x0000000782000000, 0x0000000782100000|  0%| F|  |TAMS 0x0000000782000000, 0x0000000782000000| Untracked 
|  33|0x0000000782100000, 0x0000000782100000, 0x0000000782200000|  0%| F|  |TAMS 0x0000000782100000, 0x0000000782100000| Untracked 
|  34|0x0000000782200000, 0x0000000782200000, 0x0000000782300000|  0%| F|  |TAMS 0x0000000782200000, 0x0000000782200000| Untracked 
|  35|0x0000000782300000, 0x0000000782300000, 0x0000000782400000|  0%| F|  |TAMS 0x0000000782300000, 0x0000000782300000| Untracked 
|  36|0x0000000782400000, 0x0000000782400000, 0x0000000782500000|  0%| F|  |TAMS 0x0000000782400000, 0x0000000782400000| Untracked 
|  37|0x0000000782500000, 0x0000000782500000, 0x0000000782600000|  0%| F|  |TAMS 0x0000000782500000, 0x0000000782500000| Untracked 
|  38|0x0000000782600000, 0x0000000782600000, 0x0000000782700000|  0%| F|  |TAMS 0x0000000782600000, 0x0000000782600000| Untracked 
|  39|0x0000000782700000, 0x0000000782700000, 0x0000000782800000|  0%| F|  |TAMS 0x0000000782700000, 0x0000000782700000| Untracked 
|  40|0x0000000782800000, 0x0000000782800000, 0x0000000782900000|  0%| F|  |TAMS 0x0000000782800000, 0x0000000782800000| Untracked 
|  41|0x0000000782900000, 0x0000000782900000, 0x0000000782a00000|  0%| F|  |TAMS 0x0000000782900000, 0x0000000782900000| Untracked 
|  42|0x0000000782a00000, 0x0000000782a00000, 0x0000000782b00000|  0%| F|  |TAMS 0x0000000782a00000, 0x0000000782a00000| Untracked 
|  43|0x0000000782b00000, 0x0000000782b00000, 0x0000000782c00000|  0%| F|  |TAMS 0x0000000782b00000, 0x0000000782b00000| Untracked 
|  44|0x0000000782c00000, 0x0000000782c00000, 0x0000000782d00000|  0%| F|  |TAMS 0x0000000782c00000, 0x0000000782c00000| Untracked 
|  45|0x0000000782d00000, 0x0000000782d00000, 0x0000000782e00000|  0%| F|  |TAMS 0x0000000782d00000, 0x0000000782d00000| Untracked 
|  46|0x0000000782e00000, 0x0000000782e00000, 0x0000000782f00000|  0%| F|  |TAMS 0x0000000782e00000, 0x0000000782e00000| Untracked 
|  47|0x0000000782f00000, 0x0000000782f00000, 0x0000000783000000|  0%| F|  |TAMS 0x0000000782f00000, 0x0000000782f00000| Untracked 
|  48|0x0000000783000000, 0x0000000783000000, 0x0000000783100000|  0%| F|  |TAMS 0x0000000783000000, 0x0000000783000000| Untracked 
|  49|0x0000000783100000, 0x0000000783100000, 0x0000000783200000|  0%| F|  |TAMS 0x0000000783100000, 0x0000000783100000| Untracked 
|  50|0x0000000783200000, 0x0000000783200000, 0x0000000783300000|  0%| F|  |TAMS 0x0000000783200000, 0x0000000783200000| Untracked 
|  51|0x0000000783300000, 0x0000000783300000, 0x0000000783400000|  0%| F|  |TAMS 0x0000000783300000, 0x0000000783300000| Untracked 
|  52|0x0000000783400000, 0x0000000783400000, 0x0000000783500000|  0%| F|  |TAMS 0x0000000783400000, 0x0000000783400000| Untracked 
|  53|0x0000000783500000, 0x0000000783500000, 0x0000000783600000|  0%| F|  |TAMS 0x0000000783500000, 0x0000000783500000| Untracked 
|  54|0x0000000783600000, 0x0000000783600000, 0x0000000783700000|  0%| F|  |TAMS 0x0000000783600000, 0x0000000783600000| Untracked 
|  55|0x0000000783700000, 0x0000000783700000, 0x0000000783800000|  0%| F|  |TAMS 0x0000000783700000, 0x0000000783700000| Untracked 
|  56|0x0000000783800000, 0x0000000783800000, 0x0000000783900000|  0%| F|  |TAMS 0x0000000783800000, 0x0000000783800000| Untracked 
|  57|0x0000000783900000, 0x0000000783900000, 0x0000000783a00000|  0%| F|  |TAMS 0x0000000783900000, 0x0000000783900000| Untracked 
|  58|0x0000000783a00000, 0x0000000783a00000, 0x0000000783b00000|  0%| F|  |TAMS 0x0000000783a00000, 0x0000000783a00000| Untracked 
|  59|0x0000000783b00000, 0x0000000783b00000, 0x0000000783c00000|  0%| F|  |TAMS 0x0000000783b00000, 0x0000000783b00000| Untracked 
|  60|0x0000000783c00000, 0x0000000783c00000, 0x0000000783d00000|  0%| F|  |TAMS 0x0000000783c00000, 0x0000000783c00000| Untracked 
|  61|0x0000000783d00000, 0x0000000783d00000, 0x0000000783e00000|  0%| F|  |TAMS 0x0000000783d00000, 0x0000000783d00000| Untracked 
|  62|0x0000000783e00000, 0x0000000783e00000, 0x0000000783f00000|  0%| F|  |TAMS 0x0000000783e00000, 0x0000000783e00000| Untracked 
|  63|0x0000000783f00000, 0x0000000783f00000, 0x0000000784000000|  0%| F|  |TAMS 0x0000000783f00000, 0x0000000783f00000| Untracked 
|  64|0x0000000784000000, 0x0000000784000000, 0x0000000784100000|  0%| F|  |TAMS 0x0000000784000000, 0x0000000784000000| Untracked 
|  65|0x0000000784100000, 0x0000000784100000, 0x0000000784200000|  0%| F|  |TAMS 0x0000000784100000, 0x0000000784100000| Untracked 
|  66|0x0000000784200000, 0x0000000784200000, 0x0000000784300000|  0%| F|  |TAMS 0x0000000784200000, 0x0000000784200000| Untracked 
|  67|0x0000000784300000, 0x0000000784300000, 0x0000000784400000|  0%| F|  |TAMS 0x0000000784300000, 0x0000000784300000| Untracked 
|  68|0x0000000784400000, 0x0000000784400000, 0x0000000784500000|  0%| F|  |TAMS 0x0000000784400000, 0x0000000784400000| Untracked 
|  69|0x0000000784500000, 0x0000000784500000, 0x0000000784600000|  0%| F|  |TAMS 0x0000000784500000, 0x0000000784500000| Untracked 
|  70|0x0000000784600000, 0x0000000784600000, 0x0000000784700000|  0%| F|  |TAMS 0x0000000784600000, 0x0000000784600000| Untracked 
|  71|0x0000000784700000, 0x0000000784700000, 0x0000000784800000|  0%| F|  |TAMS 0x0000000784700000, 0x0000000784700000| Untracked 
|  72|0x0000000784800000, 0x0000000784800000, 0x0000000784900000|  0%| F|  |TAMS 0x0000000784800000, 0x0000000784800000| Untracked 
|  73|0x0000000784900000, 0x0000000784900000, 0x0000000784a00000|  0%| F|  |TAMS 0x0000000784900000, 0x0000000784900000| Untracked 
|  74|0x0000000784a00000, 0x0000000784a00000, 0x0000000784b00000|  0%| F|  |TAMS 0x0000000784a00000, 0x0000000784a00000| Untracked 
|  75|0x0000000784b00000, 0x0000000784b00000, 0x0000000784c00000|  0%| F|  |TAMS 0x0000000784b00000, 0x0000000784b00000| Untracked 
|  76|0x0000000784c00000, 0x0000000784c00000, 0x0000000784d00000|  0%| F|  |TAMS 0x0000000784c00000, 0x0000000784c00000| Untracked 
|  77|0x0000000784d00000, 0x0000000784d00000, 0x0000000784e00000|  0%| F|  |TAMS 0x0000000784d00000, 0x0000000784d00000| Untracked 
|  78|0x0000000784e00000, 0x0000000784e00000, 0x0000000784f00000|  0%| F|  |TAMS 0x0000000784e00000, 0x0000000784e00000| Untracked 
|  79|0x0000000784f00000, 0x0000000784f00000, 0x0000000785000000|  0%| F|  |TAMS 0x0000000784f00000, 0x0000000784f00000| Untracked 
|  80|0x0000000785000000, 0x0000000785000000, 0x0000000785100000|  0%| F|  |TAMS 0x0000000785000000, 0x0000000785000000| Untracked 
|  81|0x0000000785100000, 0x0000000785100000, 0x0000000785200000|  0%| F|  |TAMS 0x0000000785100000, 0x0000000785100000| Untracked 
|  82|0x0000000785200000, 0x0000000785200000, 0x0000000785300000|  0%| F|  |TAMS 0x0000000785200000, 0x0000000785200000| Untracked 
|  83|0x0000000785300000, 0x0000000785300000, 0x0000000785400000|  0%| F|  |TAMS 0x0000000785300000, 0x0000000785300000| Untracked 
|  84|0x0000000785400000, 0x0000000785400000, 0x0000000785500000|  0%| F|  |TAMS 0x0000000785400000, 0x0000000785400000| Untracked 
|  85|0x0000000785500000, 0x0000000785500000, 0x0000000785600000|  0%| F|  |TAMS 0x0000000785500000, 0x0000000785500000| Untracked 
|  86|0x0000000785600000, 0x0000000785600000, 0x0000000785700000|  0%| F|  |TAMS 0x0000000785600000, 0x0000000785600000| Untracked 
|  87|0x0000000785700000, 0x0000000785700000, 0x0000000785800000|  0%| F|  |TAMS 0x0000000785700000, 0x0000000785700000| Untracked 
|  88|0x0000000785800000, 0x0000000785800000, 0x0000000785900000|  0%| F|  |TAMS 0x0000000785800000, 0x0000000785800000| Untracked 
|  89|0x0000000785900000, 0x0000000785900000, 0x0000000785a00000|  0%| F|  |TAMS 0x0000000785900000, 0x0000000785900000| Untracked 
|  90|0x0000000785a00000, 0x0000000785a00000, 0x0000000785b00000|  0%| F|  |TAMS 0x0000000785a00000, 0x0000000785a00000| Untracked 
|  91|0x0000000785b00000, 0x0000000785b00000, 0x0000000785c00000|  0%| F|  |TAMS 0x0000000785b00000, 0x0000000785b00000| Untracked 
|  92|0x0000000785c00000, 0x0000000785c00000, 0x0000000785d00000|  0%| F|  |TAMS 0x0000000785c00000, 0x0000000785c00000| Untracked 
|  93|0x0000000785d00000, 0x0000000785d00000, 0x0000000785e00000|  0%| F|  |TAMS 0x0000000785d00000, 0x0000000785d00000| Untracked 
|  94|0x0000000785e00000, 0x0000000785e00000, 0x0000000785f00000|  0%| F|  |TAMS 0x0000000785e00000, 0x0000000785e00000| Untracked 
|  95|0x0000000785f00000, 0x0000000785f00000, 0x0000000786000000|  0%| F|  |TAMS 0x0000000785f00000, 0x0000000785f00000| Untracked 
|  96|0x0000000786000000, 0x0000000786000000, 0x0000000786100000|  0%| F|  |TAMS 0x0000000786000000, 0x0000000786000000| Untracked 
|  97|0x0000000786100000, 0x0000000786100000, 0x0000000786200000|  0%| F|  |TAMS 0x0000000786100000, 0x0000000786100000| Untracked 
|  98|0x0000000786200000, 0x0000000786200000, 0x0000000786300000|  0%| F|  |TAMS 0x0000000786200000, 0x0000000786200000| Untracked 
|  99|0x0000000786300000, 0x0000000786300000, 0x0000000786400000|  0%| F|  |TAMS 0x0000000786300000, 0x0000000786300000| Untracked 
| 100|0x0000000786400000, 0x0000000786400000, 0x0000000786500000|  0%| F|  |TAMS 0x0000000786400000, 0x0000000786400000| Untracked 
| 101|0x0000000786500000, 0x0000000786500000, 0x0000000786600000|  0%| F|  |TAMS 0x0000000786500000, 0x0000000786500000| Untracked 
| 102|0x0000000786600000, 0x0000000786600000, 0x0000000786700000|  0%| F|  |TAMS 0x0000000786600000, 0x0000000786600000| Untracked 
| 103|0x0000000786700000, 0x0000000786700000, 0x0000000786800000|  0%| F|  |TAMS 0x0000000786700000, 0x0000000786700000| Untracked 
| 104|0x0000000786800000, 0x0000000786800000, 0x0000000786900000|  0%| F|  |TAMS 0x0000000786800000, 0x0000000786800000| Untracked 
| 105|0x0000000786900000, 0x0000000786900000, 0x0000000786a00000|  0%| F|  |TAMS 0x0000000786900000, 0x0000000786900000| Untracked 
| 106|0x0000000786a00000, 0x0000000786a00000, 0x0000000786b00000|  0%| F|  |TAMS 0x0000000786a00000, 0x0000000786a00000| Untracked 
| 107|0x0000000786b00000, 0x0000000786b00000, 0x0000000786c00000|  0%| F|  |TAMS 0x0000000786b00000, 0x0000000786b00000| Untracked 
| 108|0x0000000786c00000, 0x0000000786c00000, 0x0000000786d00000|  0%| F|  |TAMS 0x0000000786c00000, 0x0000000786c00000| Untracked 
| 109|0x0000000786d00000, 0x0000000786d00000, 0x0000000786e00000|  0%| F|  |TAMS 0x0000000786d00000, 0x0000000786d00000| Untracked 
| 110|0x0000000786e00000, 0x0000000786e00000, 0x0000000786f00000|  0%| F|  |TAMS 0x0000000786e00000, 0x0000000786e00000| Untracked 
| 111|0x0000000786f00000, 0x0000000786f00000, 0x0000000787000000|  0%| F|  |TAMS 0x0000000786f00000, 0x0000000786f00000| Untracked 
| 112|0x0000000787000000, 0x0000000787000000, 0x0000000787100000|  0%| F|  |TAMS 0x0000000787000000, 0x0000000787000000| Untracked 
| 113|0x0000000787100000, 0x0000000787100000, 0x0000000787200000|  0%| F|  |TAMS 0x0000000787100000, 0x0000000787100000| Untracked 
| 114|0x0000000787200000, 0x0000000787200000, 0x0000000787300000|  0%| F|  |TAMS 0x0000000787200000, 0x0000000787200000| Untracked 
| 115|0x0000000787300000, 0x0000000787300000, 0x0000000787400000|  0%| F|  |TAMS 0x0000000787300000, 0x0000000787300000| Untracked 
| 116|0x0000000787400000, 0x0000000787400000, 0x0000000787500000|  0%| F|  |TAMS 0x0000000787400000, 0x0000000787400000| Untracked 
| 117|0x0000000787500000, 0x0000000787500000, 0x0000000787600000|  0%| F|  |TAMS 0x0000000787500000, 0x0000000787500000| Untracked 
| 118|0x0000000787600000, 0x0000000787600000, 0x0000000787700000|  0%| F|  |TAMS 0x0000000787600000, 0x0000000787600000| Untracked 
| 119|0x0000000787700000, 0x0000000787700000, 0x0000000787800000|  0%| F|  |TAMS 0x0000000787700000, 0x0000000787700000| Untracked 
| 120|0x0000000787800000, 0x0000000787800000, 0x0000000787900000|  0%| F|  |TAMS 0x0000000787800000, 0x0000000787800000| Untracked 
| 121|0x0000000787900000, 0x0000000787900000, 0x0000000787a00000|  0%| F|  |TAMS 0x0000000787900000, 0x0000000787900000| Untracked 
| 122|0x0000000787a00000, 0x0000000787a00000, 0x0000000787b00000|  0%| F|  |TAMS 0x0000000787a00000, 0x0000000787a00000| Untracked 
| 123|0x0000000787b00000, 0x0000000787b00000, 0x0000000787c00000|  0%| F|  |TAMS 0x0000000787b00000, 0x0000000787b00000| Untracked 
| 124|0x0000000787c00000, 0x0000000787c00000, 0x0000000787d00000|  0%| F|  |TAMS 0x0000000787c00000, 0x0000000787c00000| Untracked 
| 125|0x0000000787d00000, 0x0000000787d00000, 0x0000000787e00000|  0%| F|  |TAMS 0x0000000787d00000, 0x0000000787d00000| Untracked 
| 126|0x0000000787e00000, 0x0000000787e00000, 0x0000000787f00000|  0%| F|  |TAMS 0x0000000787e00000, 0x0000000787e00000| Untracked 
| 127|0x0000000787f00000, 0x0000000788000000, 0x0000000788000000|100%| E|  |TAMS 0x0000000787f00000, 0x0000000787f00000| Complete 
|1022|0x00000007bfe00000, 0x00000007bfe48000, 0x00000007bff00000| 28%|OA|  |TAMS 0x00000007bfe00000, 0x00000007bfe00000| Untracked 
|1023|0x00000007bff00000, 0x00000007bff70000, 0x00000007c0000000| 43%|CA|  |TAMS 0x00000007bff00000, 0x00000007bff00000| Untracked 

Card table byte_map: [0x0000000121598000,0x0000000121998000] _byte_map_base: 0x000000011d998000

Marking Bits (Prev, Next): (CMBitMap*) 0x00007fdcf3008218, (CMBitMap*) 0x00007fdcf3008258
 Prev Bits: [0x0000000121d98000, 0x0000000123d98000)
 Next Bits: [0x0000000123d98000, 0x0000000125d98000)

Polling page: 0x0000000108370000

Metaspace:

Usage:
  Non-class:      4.20 MB capacity,   419.12 KB ( 10%) used,     3.79 MB ( 90%) free+waste,   512 bytes ( <1%) overhead. 
      Class:    424.00 KB capacity,    27.32 KB (  6%) used,   396.30 KB ( 93%) free+waste,   384 bytes ( <1%) overhead. 
       Both:      4.62 MB capacity,   446.45 KB (  9%) used,     4.18 MB ( 91%) free+waste,   896 bytes ( <1%) overhead. 

Virtual space:
  Non-class space:        8.00 MB reserved,       4.25 MB ( 53%) committed 
      Class space:        1.00 GB reserved,     512.00 KB ( <1%) committed 
             Both:        1.01 GB reserved,       4.75 MB ( <1%) committed 

Chunk freelists:
   Non-Class:  2.00 KB
       Class:  2.50 KB
        Both:  4.50 KB

CodeHeap 'non-profiled nmethods': size=120032Kb used=19Kb max_used=19Kb free=120012Kb
 bounds [0x0000000119c60000, 0x0000000119ed0000, 0x0000000121198000]
CodeHeap 'profiled nmethods': size=120032Kb used=119Kb max_used=119Kb free=119912Kb
 bounds [0x0000000112728000, 0x0000000112998000, 0x0000000119c60000]
CodeHeap 'non-nmethods': size=5696Kb used=1046Kb max_used=1057Kb free=4650Kb
 bounds [0x0000000112198000, 0x0000000112408000, 0x0000000112728000]
 total_blobs=454 nmethods=78 adapters=238
 compilation: enabled
              stopped_count=0, restarted_count=0
 full_count=0

Compilation events (10 events):
Event: 0.056 Thread 0x00007fdcf1057000   74       3       java.lang.String::<init> (15 bytes)
Event: 0.056 Thread 0x00007fdcf1057000 nmethod 74 0x0000000112743810 code [0x00000001127439c0, 0x0000000112743bf0]
Event: 0.057 Thread 0x00007fdcf1057000   75       3       java.lang.CharacterData::of (120 bytes)
Event: 0.057 Thread 0x00007fdcf1057000 nmethod 75 0x0000000112743c90 code [0x0000000112743ea0, 0x0000000112744630]
Event: 0.057 Thread 0x00007fdcf1057000   76       3       java.util.AbstractMap::<init> (5 bytes)
Event: 0.057 Thread 0x00007fdcf1057000 nmethod 76 0x0000000112744810 code [0x00000001127449c0, 0x0000000112744b90]
Event: 0.059 Thread 0x00007fdcf1057000   77       3       java.util.Arrays::copyOfRange (63 bytes)
Event: 0.060 Thread 0x00007fdcf3069000   78       4       java.lang.String::charAt (25 bytes)
Event: 0.060 Thread 0x00007fdcf1057000 nmethod 77 0x0000000112744c90 code [0x0000000112744f40, 0x0000000112745af8]
Event: 0.060 Thread 0x00007fdcf3069000 nmethod 78 0x0000000119c64990 code [0x0000000119c64b20, 0x0000000119c64bf8]

GC Heap History (0 events):
No events

Deoptimization events (0 events):
No events

Classes redefined (0 events):
No events

Internal exceptions (0 events):
No events

Events (10 events):
Event: 0.056 loading class com/cyberbotics/webots/controller/Robot
Event: 0.056 loading class com/cyberbotics/webots/controller/Robot done
Event: 0.057 Executing VM operation: Deoptimize
Event: 0.057 Executing VM operation: Deoptimize done
Event: 0.058 loading class com/cyberbotics/webots/controller/wrapperJNI
Event: 0.058 loading class com/cyberbotics/webots/controller/wrapperJNI done
Event: 0.059 loading class java/lang/UnsatisfiedLinkError
Event: 0.059 loading class java/lang/UnsatisfiedLinkError done
Event: 0.059 loading class java/lang/ClassLoaderHelper
Event: 0.059 loading class java/lang/ClassLoaderHelper done


Dynamic libraries:
0x00007fff6ed18000 	/usr/lib/libz.1.dylib
0x0000000108324000 	/Library/Java/JavaVirtualMachines/jdk-12.0.2.jdk/Contents/Home/lib/libjli.dylib
0x00007fff34865000 	/System/Library/Frameworks/Cocoa.framework/Versions/A/Cocoa
0x00007fff4205c000 	/System/Library/Frameworks/Security.framework/Versions/A/Security
0x00007fff337ca000 	/System/Library/Frameworks/ApplicationServices.framework/Versions/A/ApplicationServices
0x00007fff6c7dc000 	/usr/lib/libSystem.B.dylib
0x00007fff6f5d9000 	/usr/lib/system/libcache.dylib
0x00007fff6f5df000 	/usr/lib/system/libcommonCrypto.dylib
0x00007fff6f5eb000 	/usr/lib/system/libcompiler_rt.dylib
0x00007fff6f5f3000 	/usr/lib/system/libcopyfile.dylib
0x00007fff6f5fd000 	/usr/lib/system/libcorecrypto.dylib
0x00007fff6f79c000 	/usr/lib/system/libdispatch.dylib
0x00007fff6f7dd000 	/usr/lib/system/libdyld.dylib
0x00007fff6f814000 	/usr/lib/system/libkeymgr.dylib
0x00007fff6f822000 	/usr/lib/system/liblaunch.dylib
0x00007fff6f823000 	/usr/lib/system/libmacho.dylib
0x00007fff6f829000 	/usr/lib/system/libquarantine.dylib
0x00007fff6f82c000 	/usr/lib/system/libremovefile.dylib
0x00007fff6f82e000 	/usr/lib/system/libsystem_asl.dylib
0x00007fff6f846000 	/usr/lib/system/libsystem_blocks.dylib
0x00007fff6f847000 	/usr/lib/system/libsystem_c.dylib
0x00007fff6f8cf000 	/usr/lib/system/libsystem_configuration.dylib
0x00007fff6f8d3000 	/usr/lib/system/libsystem_coreservices.dylib
0x00007fff6f8d7000 	/usr/lib/system/libsystem_darwin.dylib
0x00007fff6f8e0000 	/usr/lib/system/libsystem_dnssd.dylib
0x00007fff6f8e8000 	/usr/lib/system/libsystem_featureflags.dylib
0x00007fff6f8ea000 	/usr/lib/system/libsystem_info.dylib
0x00007fff6f965000 	/usr/lib/system/libsystem_m.dylib
0x00007fff6f9ad000 	/usr/lib/system/libsystem_malloc.dylib
0x00007fff6f9d5000 	/usr/lib/system/libsystem_networkextension.dylib
0x00007fff6f9e3000 	/usr/lib/system/libsystem_notify.dylib
0x00007fff6fa01000 	/usr/lib/system/libsystem_sandbox.dylib
0x00007fff6fa06000 	/usr/lib/system/libsystem_secinit.dylib
0x00007fff6f938000 	/usr/lib/system/libsystem_kernel.dylib
0x00007fff6f9ed000 	/usr/lib/system/libsystem_platform.dylib
0x00007fff6f9f6000 	/usr/lib/system/libsystem_pthread.dylib
0x00007fff6fa09000 	/usr/lib/system/libsystem_symptoms.dylib
0x00007fff6fa11000 	/usr/lib/system/libsystem_trace.dylib
0x00007fff6fa29000 	/usr/lib/system/libunwind.dylib
0x00007fff6fa2f000 	/usr/lib/system/libxpc.dylib
0x00007fff6e63c000 	/usr/lib/libobjc.A.dylib
0x00007fff6cb15000 	/usr/lib/libc++abi.dylib
0x00007fff6cac2000 	/usr/lib/libc++.1.dylib
0x00007fff35707000 	/System/Library/Frameworks/CoreFoundation.framework/Versions/A/CoreFoundation
0x00007fff37dc4000 	/System/Library/Frameworks/Foundation.framework/Versions/C/Foundation
0x00007fff329ba000 	/System/Library/Frameworks/AppKit.framework/Versions/C/AppKit
0x00007fff351e9000 	/System/Library/Frameworks/CoreData.framework/Versions/A/CoreData
0x00007fff667f2000 	/System/Library/PrivateFrameworks/UIFoundation.framework/Versions/A/UIFoundation
0x00007fff61886000 	/System/Library/PrivateFrameworks/RemoteViewServices.framework/Versions/A/RemoteViewServices
0x00007fff6934c000 	/System/Library/PrivateFrameworks/XCTTargetBootstrap.framework/Versions/A/XCTTargetBootstrap
0x00007fff355d4000 	/System/Library/Frameworks/CoreDisplay.framework/Versions/A/CoreDisplay
0x00007fff3ac7e000 	/System/Library/Frameworks/Metal.framework/Versions/A/Metal
0x00007fff4f873000 	/System/Library/PrivateFrameworks/DesktopServicesPriv.framework/Versions/A/DesktopServicesPriv
0x00007fff6d917000 	/usr/lib/liblangid.dylib
0x00007fff4eb08000 	/System/Library/PrivateFrameworks/CoreSVG.framework/Versions/A/CoreSVG
0x00007fff649e2000 	/System/Library/PrivateFrameworks/SkyLight.framework/Versions/A/SkyLight
0x00007fff35b88000 	/System/Library/Frameworks/CoreGraphics.framework/Versions/A/CoreGraphics
0x00007fff3138e000 	/System/Library/Frameworks/Accelerate.framework/Versions/A/Accelerate
0x00007fff6ec09000 	/usr/lib/libxml2.2.dylib
0x00007fff5a811000 	/System/Library/PrivateFrameworks/IconServices.framework/Versions/A/IconServices
0x00007fff385a3000 	/System/Library/Frameworks/IOSurface.framework/Versions/A/IOSurface
0x00007fff6c306000 	/usr/lib/libDiagnosticMessagesClient.dylib
0x00007fff4f6cd000 	/System/Library/PrivateFrameworks/DFRFoundation.framework/Versions/A/DFRFoundation
0x00007fff6d6a6000 	/usr/lib/libicucore.A.dylib
0x00007fff33afc000 	/System/Library/Frameworks/AudioToolbox.framework/Versions/A/AudioToolbox
0x00007fff33bdf000 	/System/Library/Frameworks/AudioUnit.framework/Versions/A/AudioUnit
0x00007fff6c9de000 	/usr/lib/libauto.dylib
0x00007fff4f76f000 	/System/Library/PrivateFrameworks/DataDetectorsCore.framework/Versions/A/DataDetectorsCore
0x00007fff34386000 	/System/Library/Frameworks/Carbon.framework/Versions/A/Frameworks/HIToolbox.framework/Versions/A/HIToolbox
0x00007fff41256000 	/System/Library/Frameworks/QuartzCore.framework/Versions/A/QuartzCore
0x00007fff346c5000 	/System/Library/Frameworks/Carbon.framework/Versions/A/Frameworks/SpeechRecognition.framework/Versions/A/SpeechRecognition
0x00007fff4f1e1000 	/System/Library/PrivateFrameworks/CoreUI.framework/Versions/A/CoreUI
0x00007fff34c54000 	/System/Library/Frameworks/CoreAudio.framework/Versions/A/CoreAudio
0x00007fff37a83000 	/System/Library/Frameworks/DiskArbitration.framework/Versions/A/DiskArbitration
0x00007fff5c861000 	/System/Library/PrivateFrameworks/MultitouchSupport.framework/Versions/A/MultitouchSupport
0x00007fff6d56d000 	/usr/lib/libenergytrace.dylib
0x00007fff384fd000 	/System/Library/Frameworks/IOKit.framework/Versions/A/IOKit
0x00007fff36aef000 	/System/Library/Frameworks/CoreServices.framework/Versions/A/CoreServices
0x00007fff5ea19000 	/System/Library/PrivateFrameworks/PerformanceAnalysis.framework/Versions/A/PerformanceAnalysis
0x00007fff40289000 	/System/Library/Frameworks/OpenGL.framework/Versions/A/OpenGL
0x00007fff34873000 	/System/Library/Frameworks/ColorSync.framework/Versions/A/ColorSync
0x00007fff3620b000 	/System/Library/Frameworks/CoreImage.framework/Versions/A/CoreImage
0x00007fff37562000 	/System/Library/Frameworks/CoreText.framework/Versions/A/CoreText
0x00007fff38633000 	/System/Library/Frameworks/ImageIO.framework/Versions/A/ImageIO
0x00007fff6cb3e000 	/usr/lib/libcompression.dylib
0x00007fff6c64a000 	/usr/lib/libMobileGestalt.dylib
0x00007fff6655c000 	/System/Library/PrivateFrameworks/TextureIO.framework/Versions/A/TextureIO
0x00007fff6c941000 	/usr/lib/libate.dylib
0x00007fff5aa1a000 	/System/Library/PrivateFrameworks/InternationalSupport.framework/Versions/A/InternationalSupport
0x00007fff6d919000 	/usr/lib/liblzma.5.dylib
0x00007fff6d594000 	/usr/lib/libfakelink.dylib
0x00007fff6c8ce000 	/usr/lib/libarchive.2.dylib
0x00007fff4310d000 	/System/Library/Frameworks/SystemConfiguration.framework/Versions/A/SystemConfiguration
0x00007fff6c239000 	/usr/lib/libCRFSuite.dylib
0x00007fff33f76000 	/System/Library/Frameworks/CFNetwork.framework/Versions/A/CFNetwork
0x00007fff6caa4000 	/usr/lib/libbsm.0.dylib
0x00007fff6f815000 	/usr/lib/system/libkxld.dylib
0x00007fff4904a000 	/System/Library/PrivateFrameworks/AppleFSCompression.framework/Versions/A/AppleFSCompression
0x00007fff6ce2f000 	/usr/lib/libcoretls.dylib
0x00007fff6ce46000 	/usr/lib/libcoretls_cfhelpers.dylib
0x00007fff6e682000 	/usr/lib/libpam.2.dylib
0x00007fff6e7b7000 	/usr/lib/libsqlite3.dylib
0x00007fff6ebf6000 	/usr/lib/libxar.1.dylib
0x00007fff6cab5000 	/usr/lib/libbz2.1.0.dylib
0x00007fff6d5b5000 	/usr/lib/libiconv.2.dylib
0x00007fff6cb2b000 	/usr/lib/libcharset.1.dylib
0x00007fff6e11f000 	/usr/lib/libnetwork.dylib
0x00007fff6e689000 	/usr/lib/libpcap.A.dylib
0x00007fff6c883000 	/usr/lib/libapple_nghttp2.dylib
0x00007fff36ea6000 	/System/Library/Frameworks/CoreServices.framework/Versions/A/Frameworks/FSEvents.framework/Versions/A/FSEvents
0x00007fff36b76000 	/System/Library/Frameworks/CoreServices.framework/Versions/A/Frameworks/CarbonCore.framework/Versions/A/CarbonCore
0x00007fff370ea000 	/System/Library/Frameworks/CoreServices.framework/Versions/A/Frameworks/Metadata.framework/Versions/A/Metadata
0x00007fff37183000 	/System/Library/Frameworks/CoreServices.framework/Versions/A/Frameworks/OSServices.framework/Versions/A/OSServices
0x00007fff371b1000 	/System/Library/Frameworks/CoreServices.framework/Versions/A/Frameworks/SearchKit.framework/Versions/A/SearchKit
0x00007fff36af0000 	/System/Library/Frameworks/CoreServices.framework/Versions/A/Frameworks/AE.framework/Versions/A/AE
0x00007fff36eaf000 	/System/Library/Frameworks/CoreServices.framework/Versions/A/Frameworks/LaunchServices.framework/Versions/A/LaunchServices
0x00007fff36e58000 	/System/Library/Frameworks/CoreServices.framework/Versions/A/Frameworks/DictionaryServices.framework/Versions/A/DictionaryServices
0x00007fff37219000 	/System/Library/Frameworks/CoreServices.framework/Versions/A/Frameworks/SharedFileList.framework/Versions/A/SharedFileList
0x00007fff3c0a8000 	/System/Library/Frameworks/NetFS.framework/Versions/A/NetFS
0x00007fff5cd91000 	/System/Library/PrivateFrameworks/NetAuth.framework/Versions/A/NetAuth
0x00007fff69719000 	/System/Library/PrivateFrameworks/login.framework/Versions/A/Frameworks/loginsupport.framework/Versions/A/loginsupport
0x00007fff66027000 	/System/Library/PrivateFrameworks/TCC.framework/Versions/A/TCC
0x00007fff4dc7b000 	/System/Library/PrivateFrameworks/CoreNLP.framework/Versions/A/CoreNLP
0x00007fff5c28e000 	/System/Library/PrivateFrameworks/MetadataUtilities.framework/Versions/A/MetadataUtilities
0x00007fff6d9f1000 	/usr/lib/libmecabra.dylib
0x00007fff6d949000 	/usr/lib/libmecab.dylib
0x00007fff6d5a5000 	/usr/lib/libgermantok.dylib
0x00007fff6c86a000 	/usr/lib/libThaiTokenizer.dylib
0x00007fff6c270000 	/usr/lib/libChineseTokenizer.dylib
0x00007fff313a6000 	/System/Library/Frameworks/Accelerate.framework/Versions/A/Frameworks/vImage.framework/Versions/A/vImage
0x00007fff32810000 	/System/Library/Frameworks/Accelerate.framework/Versions/A/Frameworks/vecLib.framework/Versions/A/vecLib
0x00007fff3274d000 	/System/Library/Frameworks/Accelerate.framework/Versions/A/Frameworks/vecLib.framework/Versions/A/libvMisc.dylib
0x00007fff32575000 	/System/Library/Frameworks/Accelerate.framework/Versions/A/Frameworks/vecLib.framework/Versions/A/libvDSP.dylib
0x00007fff319fd000 	/System/Library/Frameworks/Accelerate.framework/Versions/A/Frameworks/vecLib.framework/Versions/A/libBLAS.dylib
0x00007fff32139000 	/System/Library/Frameworks/Accelerate.framework/Versions/A/Frameworks/vecLib.framework/Versions/A/libLAPACK.dylib
0x00007fff324d5000 	/System/Library/Frameworks/Accelerate.framework/Versions/A/Frameworks/vecLib.framework/Versions/A/libLinearAlgebra.dylib
0x00007fff32562000 	/System/Library/Frameworks/Accelerate.framework/Versions/A/Frameworks/vecLib.framework/Versions/A/libSparseBLAS.dylib
0x00007fff324eb000 	/System/Library/Frameworks/Accelerate.framework/Versions/A/Frameworks/vecLib.framework/Versions/A/libQuadrature.dylib
0x00007fff31c65000 	/System/Library/Frameworks/Accelerate.framework/Versions/A/Frameworks/vecLib.framework/Versions/A/libBNNS.dylib
0x00007fff324f1000 	/System/Library/Frameworks/Accelerate.framework/Versions/A/Frameworks/vecLib.framework/Versions/A/libSparse.dylib
0x00007fff5ae02000 	/System/Library/PrivateFrameworks/LanguageModeling.framework/Versions/A/LanguageModeling
0x00007fff4d62b000 	/System/Library/PrivateFrameworks/CoreEmoji.framework/Versions/A/CoreEmoji
0x00007fff5af20000 	/System/Library/PrivateFrameworks/LinguisticData.framework/Versions/A/LinguisticData
0x00007fff5aed1000 	/System/Library/PrivateFrameworks/Lexicon.framework/Versions/A/Lexicon
0x00007fff6cb2c000 	/usr/lib/libcmph.dylib
0x00007fff3ec97000 	/System/Library/Frameworks/OpenDirectory.framework/Versions/A/Frameworks/CFOpenDirectory.framework/Versions/A/CFOpenDirectory
0x00007fff3ecb4000 	/System/Library/Frameworks/OpenDirectory.framework/Versions/A/OpenDirectory
0x00007fff470f7000 	/System/Library/PrivateFrameworks/APFS.framework/Versions/A/APFS
0x00007fff423a6000 	/System/Library/Frameworks/SecurityFoundation.framework/Versions/A/SecurityFoundation
0x00007fff6ebf2000 	/usr/lib/libutil.dylib
0x00007fff4eb60000 	/System/Library/PrivateFrameworks/CoreServicesStore.framework/Versions/A/CoreServicesStore
0x00007fff4245d000 	/System/Library/Frameworks/ServiceManagement.framework/Versions/A/ServiceManagement
0x00007fff4a81a000 	/System/Library/PrivateFrameworks/BackgroundTaskManagement.framework/Versions/A/BackgroundTaskManagement
0x00007fff6ecef000 	/usr/lib/libxslt.1.dylib
0x00007fff496bd000 	/System/Library/PrivateFrameworks/AppleSystemInfo.framework/Versions/A/AppleSystemInfo
0x00007fff3884e000 	/System/Library/Frameworks/ImageIO.framework/Versions/A/Resources/libJPEG.dylib
0x00007fff38b0c000 	/System/Library/Frameworks/ImageIO.framework/Versions/A/Resources/libTIFF.dylib
0x00007fff38aef000 	/System/Library/Frameworks/ImageIO.framework/Versions/A/Resources/libPng.dylib
0x00007fff38790000 	/System/Library/Frameworks/ImageIO.framework/Versions/A/Resources/libGIF.dylib
0x00007fff38794000 	/System/Library/Frameworks/ImageIO.framework/Versions/A/Resources/libJP2.dylib
0x00007fff38b0a000 	/System/Library/Frameworks/ImageIO.framework/Versions/A/Resources/libRadiance.dylib
0x00007fff6d56e000 	/usr/lib/libexpat.1.dylib
0x00007fff491a5000 	/System/Library/PrivateFrameworks/AppleJPEG.framework/Versions/A/AppleJPEG
0x00007fff51e76000 	/System/Library/PrivateFrameworks/FontServices.framework/libFontParser.dylib
0x00007fff6871b000 	/System/Library/PrivateFrameworks/WatchdogClient.framework/Versions/A/WatchdogClient
0x00007fff5a45d000 	/System/Library/PrivateFrameworks/IOAccelerator.framework/Versions/A/IOAccelerator
0x00007fff3b019000 	/System/Library/Frameworks/MetalPerformanceShaders.framework/Versions/A/MetalPerformanceShaders
0x00007fff56bf3000 	/System/Library/PrivateFrameworks/GPUWrangler.framework/Versions/A/GPUWrangler
0x00007fff5a472000 	/System/Library/PrivateFrameworks/IOPresentment.framework/Versions/A/IOPresentment
0x00007fff4f6e0000 	/System/Library/PrivateFrameworks/DSExternalDisplay.framework/Versions/A/DSExternalDisplay
0x00007fff3f628000 	/System/Library/Frameworks/OpenGL.framework/Versions/A/Libraries/libCoreFSCache.dylib
0x00007fff3ad65000 	/System/Library/Frameworks/MetalPerformanceShaders.framework/Frameworks/MPSCore.framework/Versions/A/MPSCore
0x00007fff3ada3000 	/System/Library/Frameworks/MetalPerformanceShaders.framework/Frameworks/MPSImage.framework/Versions/A/MPSImage
0x00007fff3ae6a000 	/System/Library/Frameworks/MetalPerformanceShaders.framework/Frameworks/MPSNeuralNetwork.framework/Versions/A/MPSNeuralNetwork
0x00007fff3ae2e000 	/System/Library/Frameworks/MetalPerformanceShaders.framework/Frameworks/MPSMatrix.framework/Versions/A/MPSMatrix
0x00007fff3afc9000 	/System/Library/Frameworks/MetalPerformanceShaders.framework/Frameworks/MPSRayIntersector.framework/Versions/A/MPSRayIntersector
0x00007fff3ae54000 	/System/Library/Frameworks/MetalPerformanceShaders.framework/Frameworks/MPSNDArray.framework/Versions/A/MPSNDArray
0x00007fff5c2db000 	/System/Library/PrivateFrameworks/MetalTools.framework/Versions/A/MetalTools
0x00007fff482d1000 	/System/Library/PrivateFrameworks/AggregateDictionary.framework/Versions/A/AggregateDictionary
0x00007fff4d073000 	/System/Library/PrivateFrameworks/CoreAnalytics.framework/Versions/A/CoreAnalytics
0x00007fff495dc000 	/System/Library/PrivateFrameworks/AppleSauce.framework/Versions/A/AppleSauce
0x00007fff6c52c000 	/usr/lib/libIOReport.dylib
0x00007fff3771a000 	/System/Library/Frameworks/CoreVideo.framework/Versions/A/CoreVideo
0x00007fff5806c000 	/System/Library/PrivateFrameworks/GraphVisualizer.framework/Versions/A/GraphVisualizer
0x00007fff513bc000 	/System/Library/PrivateFrameworks/FaceCore.framework/Versions/A/FaceCore
0x00007fff3ec3e000 	/System/Library/Frameworks/OpenCL.framework/Versions/A/OpenCL
0x00007fff6c34e000 	/usr/lib/libFosl_dynamic.dylib
0x00007fff5d7b1000 	/System/Library/PrivateFrameworks/OTSVG.framework/Versions/A/OTSVG
0x00007fff338cf000 	/System/Library/Frameworks/ApplicationServices.framework/Versions/A/Frameworks/ATS.framework/Versions/A/Resources/libFontRegistry.dylib
0x00007fff52047000 	/System/Library/PrivateFrameworks/FontServices.framework/libhvf.dylib
0x00007fff3f633000 	/System/Library/Frameworks/OpenGL.framework/Versions/A/Libraries/libGFXShared.dylib
0x00007fff3f811000 	/System/Library/Frameworks/OpenGL.framework/Versions/A/Libraries/libGLU.dylib
0x00007fff3f63c000 	/System/Library/Frameworks/OpenGL.framework/Versions/A/Libraries/libGL.dylib
0x00007fff3f647000 	/System/Library/Frameworks/OpenGL.framework/Versions/A/Libraries/libGLImage.dylib
0x00007fff3f625000 	/System/Library/Frameworks/OpenGL.framework/Versions/A/Libraries/libCVMSPluginSupport.dylib
0x00007fff3f62e000 	/System/Library/Frameworks/OpenGL.framework/Versions/A/Libraries/libCoreVMClient.dylib
0x00007fff6dfc0000 	/usr/lib/libncurses.5.4.dylib
0x00007fff337cb000 	/System/Library/Frameworks/ApplicationServices.framework/Versions/A/Frameworks/ATS.framework/Versions/A/ATS
0x00007fff33998000 	/System/Library/Frameworks/ApplicationServices.framework/Versions/A/Frameworks/ColorSyncLegacy.framework/Versions/A/ColorSyncLegacy
0x00007fff33a36000 	/System/Library/Frameworks/ApplicationServices.framework/Versions/A/Frameworks/HIServices.framework/Versions/A/HIServices
0x00007fff33a8e000 	/System/Library/Frameworks/ApplicationServices.framework/Versions/A/Frameworks/LangAnalysis.framework/Versions/A/LangAnalysis
0x00007fff33a9d000 	/System/Library/Frameworks/ApplicationServices.framework/Versions/A/Frameworks/PrintCore.framework/Versions/A/PrintCore
0x00007fff33ae3000 	/System/Library/Frameworks/ApplicationServices.framework/Versions/A/Frameworks/QD.framework/Versions/A/QD
0x00007fff33aee000 	/System/Library/Frameworks/ApplicationServices.framework/Versions/A/Frameworks/SpeechSynthesis.framework/Versions/A/SpeechSynthesis
0x00007fff33968000 	/System/Library/Frameworks/ApplicationServices.framework/Versions/A/Frameworks/ATSUI.framework/Versions/A/ATSUI
0x00007fff6d404000 	/usr/lib/libcups.2.dylib
0x00007fff3a0b4000 	/System/Library/Frameworks/Kerberos.framework/Versions/A/Kerberos
0x00007fff381f6000 	/System/Library/Frameworks/GSS.framework/Versions/A/GSS
0x00007fff6e743000 	/usr/lib/libresolv.9.dylib
0x00007fff58219000 	/System/Library/PrivateFrameworks/Heimdal.framework/Versions/A/Heimdal
0x00007fff3a0c7000 	/System/Library/Frameworks/Kerberos.framework/Versions/A/Libraries/libHeimdalProxy.dylib
0x00007fff6d5ab000 	/usr/lib/libheimdal-asn1.dylib
0x00007fff4c50b000 	/System/Library/PrivateFrameworks/CommonAuth.framework/Versions/A/CommonAuth
0x00007fff4975a000 	/System/Library/PrivateFrameworks/AssertionServices.framework/Versions/A/AssertionServices
0x00007fff4a2fd000 	/System/Library/PrivateFrameworks/AudioToolboxCore.framework/Versions/A/AudioToolboxCore
0x00007fff693c9000 	/System/Library/PrivateFrameworks/caulk.framework/Versions/A/caulk
0x00007fff4a8c6000 	/System/Library/PrivateFrameworks/BaseBoard.framework/Versions/A/BaseBoard
0x00007fff61a14000 	/System/Library/PrivateFrameworks/RunningBoardServices.framework/Versions/A/RunningBoardServices
0x00007fff5ea25000 	/System/Library/PrivateFrameworks/PersistentConnection.framework/Versions/A/PersistentConnection
0x00007fff6140d000 	/System/Library/PrivateFrameworks/ProtocolBuffer.framework/Versions/A/ProtocolBuffer
0x00007fff4c52f000 	/System/Library/PrivateFrameworks/CommonUtilities.framework/Versions/A/CommonUtilities
0x00007fff4aa54000 	/System/Library/PrivateFrameworks/Bom.framework/Versions/A/Bom
0x00007fff6c1ff000 	/usr/lib/libAudioToolboxUtility.dylib
0x00007fff4a824000 	/System/Library/PrivateFrameworks/Backup.framework/Versions/A/Backup
0x00007fff4f601000 	/System/Library/PrivateFrameworks/CrashReporterSupport.framework/Versions/A/CrashReporterSupport
0x00007fff634a6000 	/System/Library/PrivateFrameworks/Sharing.framework/Versions/A/Sharing
0x00007fff48d68000 	/System/Library/PrivateFrameworks/Apple80211.framework/Versions/A/Apple80211
0x00007fff4a541000 	/System/Library/PrivateFrameworks/AuthKit.framework/Versions/A/AuthKit
0x00007fff4f30e000 	/System/Library/PrivateFrameworks/CoreUtils.framework/Versions/A/CoreUtils
0x00007fff3775f000 	/System/Library/Frameworks/CoreWLAN.framework/Versions/A/CoreWLAN
0x00007fff38383000 	/System/Library/Frameworks/IOBluetooth.framework/Versions/A/IOBluetooth
0x00007fff5c5e0000 	/System/Library/PrivateFrameworks/MobileKeyBag.framework/Versions/A/MobileKeyBag
0x00007fff4e113000 	/System/Library/PrivateFrameworks/CorePhoneNumbers.framework/Versions/A/CorePhoneNumbers
0x00007fff49158000 	/System/Library/PrivateFrameworks/AppleIDAuthSupport.framework/Versions/A/AppleIDAuthSupport
0x00007fff3c0b5000 	/System/Library/Frameworks/Network.framework/Versions/A/Network
0x00007fff5acae000 	/System/Library/PrivateFrameworks/KeychainCircle.framework/Versions/A/KeychainCircle
0x00007fff351b0000 	/System/Library/Frameworks/CoreBluetooth.framework/Versions/A/CoreBluetooth
0x00007fff65525000 	/System/Library/PrivateFrameworks/SpeechRecognitionCore.framework/Versions/A/SpeechRecognitionCore
0x0000000109059000 	/Library/Java/JavaVirtualMachines/jdk-12.0.2.jdk/Contents/Home/lib/server/libjvm.dylib
0x000000010833f000 	/Library/Java/JavaVirtualMachines/jdk-12.0.2.jdk/Contents/Home/lib/libverify.dylib
0x000000010834b000 	/Library/Java/JavaVirtualMachines/jdk-12.0.2.jdk/Contents/Home/lib/libjava.dylib
0x00000001083ba000 	/Library/Java/JavaVirtualMachines/jdk-12.0.2.jdk/Contents/Home/lib/libzip.dylib
0x00000001083c2000 	/Library/Java/JavaVirtualMachines/jdk-12.0.2.jdk/Contents/Home/lib/libjimage.dylib
0x00000001083e4000 	/Library/Java/JavaVirtualMachines/jdk-12.0.2.jdk/Contents/Home/lib/libnio.dylib
0x0000000108e1b000 	/Library/Java/JavaVirtualMachines/jdk-12.0.2.jdk/Contents/Home/lib/libnet.dylib
0x0000000108e2e000 	/Applications/Webots.app/lib/controller/java/libJavaController.jnilib
0x0000000108e6a000 	/Applications/Webots.app/lib/controller/libController.dylib
0x0000000108ed6000 	/Applications/Webots.app/lib/controller/libCppController.dylib


VM Arguments:
jvm_args: -Djava.library.path=/Applications/Webots.app/lib/controller/java 
java_command: DpmProject
java_class_path (initial): /Applications/Webots.app/lib/controller/java/Controller.jar:/Users/antonianistor/Desktop/ecse211-labs/lab-5/lab5-ecse211_t09/controllers/DpmProject/:lib/simlejos.jar
Launcher Type: SUN_STANDARD

[Global flags]
     intx CICompilerCount                          = 3                                         {product} {ergonomic}
     uint ConcGCThreads                            = 1                                         {product} {ergonomic}
     uint G1ConcRefinementThreads                  = 4                                         {product} {ergonomic}
   size_t G1HeapRegionSize                         = 1048576                                   {product} {ergonomic}
    uintx GCDrainStackTargetSize                   = 64                                        {product} {ergonomic}
   size_t InitialHeapSize                          = 134217728                                 {product} {ergonomic}
   size_t MarkStackSize                            = 4194304                                   {product} {ergonomic}
   size_t MaxHeapSize                              = 2147483648                                {product} {ergonomic}
   size_t MaxNewSize                               = 1287651328                                {product} {ergonomic}
   size_t MinHeapDeltaBytes                        = 1048576                                   {product} {ergonomic}
    uintx NonNMethodCodeHeapSize                   = 5830732                                {pd product} {ergonomic}
    uintx NonProfiledCodeHeapSize                  = 122913754                              {pd product} {ergonomic}
    uintx ProfiledCodeHeapSize                     = 122913754                              {pd product} {ergonomic}
    uintx ReservedCodeCacheSize                    = 251658240                              {pd product} {ergonomic}
     bool SegmentedCodeCache                       = true                                      {product} {ergonomic}
     bool UseCompressedClassPointers               = true                                 {lp64_product} {ergonomic}
     bool UseCompressedOops                        = true                                 {lp64_product} {ergonomic}
     bool UseG1GC                                  = true                                      {product} {ergonomic}

Logging:
Log output configuration:
 #0: stdout all=warning uptime,level,tags
 #1: stderr all=off uptime,level,tags

Environment Variables:
CLASSPATH=lib/simlejos.jar
PATH=/usr/bin:/bin:/usr/sbin:/sbin
SHELL=/bin/bash

Signal Handlers:
SIGSEGV: [libjvm.dylib+0x735418], sa_mask[0]=11111111011111110111111111111111, sa_flags=SA_ONSTACK|SA_RESTART|SA_SIGINFO
SIGBUS: [libjvm.dylib+0x735418], sa_mask[0]=11111111011111110111111111111111, sa_flags=SA_RESTART|SA_SIGINFO
SIGFPE: [libjvm.dylib+0x735418], sa_mask[0]=11111111011111110111111111111111, sa_flags=SA_RESTART|SA_SIGINFO
SIGPIPE: [libjvm.dylib+0x5dce9e], sa_mask[0]=11111111011111110111111111111111, sa_flags=SA_RESTART|SA_SIGINFO
SIGXFSZ: [libjvm.dylib+0x5dce9e], sa_mask[0]=11111111011111110111111111111111, sa_flags=SA_RESTART|SA_SIGINFO
SIGILL: [libjvm.dylib+0x735418], sa_mask[0]=11111111011111110111111111111111, sa_flags=SA_RESTART|SA_SIGINFO
SIGUSR2: [libjvm.dylib+0x5dd483], sa_mask[0]=00000000000000000000000000000000, sa_flags=SA_RESTART|SA_SIGINFO
SIGHUP: [libjvm.dylib+0x5dc143], sa_mask[0]=11111111011111110111111111111111, sa_flags=SA_RESTART|SA_SIGINFO
SIGINT: [libjvm.dylib+0x5dc143], sa_mask[0]=11111111011111110111111111111111, sa_flags=SA_RESTART|SA_SIGINFO
SIGTERM: [libjvm.dylib+0x5dc143], sa_mask[0]=11111111011111110111111111111111, sa_flags=SA_RESTART|SA_SIGINFO
SIGQUIT: [libjvm.dylib+0x5dc143], sa_mask[0]=11111111011111110111111111111111, sa_flags=SA_RESTART|SA_SIGINFO


---------------  S Y S T E M  ---------------

OS:uname:Darwin 19.6.0 Darwin Kernel Version 19.6.0: Thu Jun 18 20:49:00 PDT 2020; root:xnu-6153.141.1~1/RELEASE_X86_64 x86_64
rlimit: STACK 8192k, CORE 0k, NPROC 1392, NOFILE 10240, AS infinity, DATA infinity, FSIZE infinity
load average:2.13 2.12 1.96

CPU:total 4 (initial active 4) (2 cores per cpu, 2 threads per core) family 6 model 142 stepping 9, cmov, cx8, fxsr, mmx, sse, sse2, sse3, ssse3, sse4.1, sse4.2, popcnt, avx, avx2, aes, clmul, erms, rtm, 3dnowpref, lzcnt, ht, tsc, tscinvbit, bmi1, bmi2, adx, fma

Memory: 4k page, physical 8388608k(127844k free)

vm_info: Java HotSpot(TM) 64-Bit Server VM (12.0.2+10) for bsd-amd64 JRE (12.0.2+10), built on Jul 16 2019 00:56:38 by "mach5one" with gcc 4.2.1 Compatible Apple LLVM 9.1.0 (clang-902.0.39.2)

END.
